# JRE version: Java(TM) SE Runtime Environment (10.0.1+10) (build 10.0.1+10)
# Java VM: Java HotSpot(TM) 64-Bit Server VM (10.0.1+10, mixed mode, tiered, compressed oops, g1 gc, windows-amd64)
Heap:
 garbage-first heap   total 206848K, used 56432K [0x00000000c0000000, 0x0000000100000000)
  region size 1024K, 3 young (3072K), 3 survivors (3072K)
 Metaspace       used 12457K, capacity 12614K, committed 12928K, reserved 1060864K
  class space    used 1579K, capacity 1624K, committed 1664K, reserved 1048576K
GC Heap History (10 events):
Event: 3.913 GC heap after
{Heap after GC invocations=9 (full 0):
 garbage-first heap   total 77824K, used 27785K [0x00000000c0000000, 0x0000000100000000)
  region size 1024K, 4 young (4096K), 4 survivors (4096K)
 Metaspace       used 12448K, capacity 12614K, committed 12928K, reserved 1060864K
  class space    used 1579K, capacity 1624K, committed 1664K, reserved 1048576K
}
Event: 3.986 GC heap before
{Heap before GC invocations=9 (full 0):
 garbage-first heap   total 77824K, used 52361K [0x00000000c0000000, 0x0000000100000000)
  region size 1024K, 28 young (28672K), 4 survivors (4096K)
 Metaspace       used 12450K, capacity 12614K, committed 12928K, reserved 1060864K
  class space    used 1579K, capacity 1624K, committed 1664K, reserved 1048576K
}
Event: 4.002 GC heap after
{Heap after GC invocations=10 (full 0):
 garbage-first heap   total 104448K, used 30543K [0x00000000c0000000, 0x0000000100000000)
  region size 1024K, 3 young (3072K), 3 survivors (3072K)
 Metaspace       used 12450K, capacity 12614K, committed 12928K, reserved 1060864K
  class space    used 1579K, capacity 1624K, committed 1664K, reserved 1048576K
}
Event: 4.132 GC heap before
{Heap before GC invocations=10 (full 0):
 garbage-first heap   total 104448K, used 62287K [0x00000000c0000000, 0x0000000100000000)
  region size 1024K, 34 young (34816K), 3 survivors (3072K)
 Metaspace       used 12451K, capacity 12614K, committed 12928K, reserved 1060864K
  class space    used 1579K, capacity 1624K, committed 1664K, reserved 1048576K
}
Event: 4.143 GC heap after
{Heap after GC invocations=11 (full 0):
 garbage-first heap   total 104448K, used 32756K [0x00000000c0000000, 0x0000000100000000)
  region size 1024K, 5 young (5120K), 5 survivors (5120K)
 Metaspace       used 12451K, capacity 12614K, committed 12928K, reserved 1060864K
  class space    used 1579K, capacity 1624K, committed 1664K, reserved 1048576K
}
Event: 4.271 GC heap before
{Heap before GC invocations=11 (full 0):
 garbage-first heap   total 104448K, used 73716K [0x00000000c0000000, 0x0000000100000000)
  region size 1024K, 45 young (46080K), 5 survivors (5120K)
 Metaspace       used 12451K, capacity 12614K, committed 12928K, reserved 1060864K
  class space    used 1579K, capacity 1624K, committed 1664K, reserved 1048576K
}
Event: 4.286 GC heap after
{Heap after GC invocations=12 (full 0):
 garbage-first heap   total 104448K, used 35829K [0x00000000c0000000, 0x0000000100000000)
  region size 1024K, 6 young (6144K), 6 survivors (6144K)
 Metaspace       used 12451K, capacity 12614K, committed 12928K, reserved 1060864K
  class space    used 1579K, capacity 1624K, committed 1664K, reserved 1048576K
}
Event: 4.665 GC heap before
{Heap before GC invocations=12 (full 0):
 garbage-first heap   total 104448K, used 81909K [0x00000000c0000000, 0x0000000100000000)
  region size 1024K, 45 young (46080K), 6 survivors (6144K)
 Metaspace       used 12457K, capacity 12614K, committed 12928K, reserved 1060864K
  class space    used 1579K, capacity 1624K, committed 1664K, reserved 1048576K
}
Event: 4.706 GC heap after
{Heap after GC invocations=13 (full 0):
 garbage-first heap   total 104448K, used 49148K [0x00000000c0000000, 0x0000000100000000)
  region size 1024K, 6 young (6144K), 6 survivors (6144K)
 Metaspace       used 12457K, capacity 12614K, committed 12928K, reserved 1060864K
  class space    used 1579K, capacity 1624K, committed 1664K, reserved 1048576K
}
Event: 4.802 GC heap before
{Heap before GC invocations=13 (full 0):
 garbage-first heap   total 104448K, used 61436K [0x00000000c0000000, 0x0000000100000000)
  region size 1024K, 15 young (15360K), 6 survivors (6144K)
 Metaspace       used 12457K, capacity 12614K, committed 12928K, reserved 1060864K
  class space    used 1579K, capacity 1624K, committed 1664K, reserved 1048576K
}

